<?xml version="1.0" encoding="UTF-8"?>
<!--
  ~ coverage.xml
  ~
  ~ @lastModification 22.07.2020, 00:36
  ~ @author Rafał Tadaszak <r.tadaszak@soit.pl>
  ~ @copyright soIT.pl 2018 - 2020
  ~ @url http://www.soit.pl
  -->

<coverage generated="1588658144">
    <project timestamp="1588658144">
        <package name="soIT\LaravelModules\Commands">
            <file name="/application/app/Libraries/LaravelModules/src/Commands/CommandAbstract.php">
                <class name="soIT\LaravelModules\Commands\CommandAbstract" namespace="soIT\LaravelModules\Commands">
                    <metrics complexity="3" methods="2" coveredmethods="0" conditionals="0" coveredconditionals="0" statements="7" coveredstatements="0" elements="9"
                             coveredelements="0"/>
                </class>
                <line num="27" type="method" name="__construct" visibility="public" complexity="1" crap="2" count="0"/>
                <line num="29" type="stmt" count="0"/>
                <line num="31" type="stmt" count="0"/>
                <line num="32" type="stmt" count="0"/>
                <line num="39" type="method" name="getModule" visibility="protected" complexity="2" crap="6" count="0"/>
                <line num="42" type="stmt" count="0"/>
                <line num="43" type="stmt" count="0"/>
                <line num="44" type="stmt" count="0"/>
                <line num="45" type="stmt" count="0"/>
                <metrics loc="47" ncloc="29" classes="1" methods="2" coveredmethods="0" conditionals="0" coveredconditionals="0" statements="7" coveredstatements="0" elements="9"
                         coveredelements="0"/>
            </file>
            <file name="/application/app/Libraries/LaravelModules/src/Commands/MigrateMakeCommand.php">
                <class name="soIT\LaravelModules\Commands\MigrateMakeCommand" namespace="soIT\LaravelModules\Commands">
                    <metrics complexity="4" methods="4" coveredmethods="0" conditionals="0" coveredconditionals="0" statements="9" coveredstatements="0" elements="13"
                             coveredelements="0"/>
                </class>
                <line num="56" type="method" name="__construct" visibility="public" complexity="1" crap="2" count="0"/>
                <line num="58" type="stmt" count="0"/>
                <line num="60" type="stmt" count="0"/>
                <line num="61" type="stmt" count="0"/>
                <line num="66" type="method" name="getArguments" visibility="protected" complexity="1" crap="2" count="0"/>
                <line num="69" type="stmt" count="0"/>
                <line num="70" type="stmt" count="0"/>
                <line num="77" type="method" name="getMigrationPath" visibility="protected" complexity="1" crap="2" count="0"/>
                <line num="79" type="stmt" count="0"/>
                <line num="80" type="stmt" count="0"/>
                <line num="81" type="stmt" count="0"/>
                <line num="87" type="method" name="getModuleName" visibility="private" complexity="1" crap="2" count="0"/>
                <line num="89" type="stmt" count="0"/>
                <metrics loc="90" ncloc="51" classes="1" methods="4" coveredmethods="0" conditionals="0" coveredconditionals="0" statements="9" coveredstatements="0" elements="13"
                         coveredelements="0"/>
            </file>
        </package>
        <package name="soIT\LaravelModules\Commands\Traits">
            <file name="/application/app/Libraries/LaravelModules/src/Commands/Traits/HasModule.php">
                <class name="HasModule" namespace="soIT\LaravelModules\Commands\Traits">
                    <metrics complexity="2" methods="1" coveredmethods="0" conditionals="0" coveredconditionals="0" statements="4" coveredstatements="0" elements="5"
                             coveredelements="0"/>
                </class>
                <line num="29" type="method" name="getModule" visibility="protected" complexity="2" crap="6" count="0"/>
                <line num="32" type="stmt" count="0"/>
                <line num="33" type="stmt" count="0"/>
                <line num="34" type="stmt" count="0"/>
                <line num="35" type="stmt" count="0"/>
                <metrics loc="37" ncloc="21" classes="1" methods="1" coveredmethods="0" conditionals="0" coveredconditionals="0" statements="4" coveredstatements="0" elements="5"
                         coveredelements="0"/>
            </file>
            <file name="/application/app/Libraries/LaravelModules/src/Commands/Traits/IsCreatesFile.php">
                <class name="IsCreatesFile" namespace="soIT\LaravelModules\Commands\Traits">
                    <metrics complexity="2" methods="1" coveredmethods="0" conditionals="0" coveredconditionals="0" statements="3" coveredstatements="0" elements="4"
                             coveredelements="0"/>
                </class>
                <line num="20" type="method" name="createDirectoryIfDontExists" visibility="private" complexity="2" crap="6" count="0"/>
                <line num="22" type="stmt" count="0"/>
                <line num="23" type="stmt" count="0"/>
                <line num="25" type="stmt" count="0"/>
                <metrics loc="25" ncloc="14" classes="1" methods="1" coveredmethods="0" conditionals="0" coveredconditionals="0" statements="3" coveredstatements="0" elements="4"
                         coveredelements="0"/>
            </file>
        </package>
        <package name="soIT\LaravelModules\Containers">
            <file name="/application/app/Libraries/LaravelModules/src/Containers/ModulesContainer.php">
                <class name="soIT\LaravelModules\Containers\ModulesContainer" namespace="soIT\LaravelModules\Containers">
                    <metrics complexity="5" methods="4" coveredmethods="0" conditionals="0" coveredconditionals="0" statements="7" coveredstatements="0" elements="11"
                             coveredelements="0"/>
                </class>
                <line num="30" type="method" name="get" visibility="public" complexity="2" crap="6" count="0"/>
                <line num="32" type="stmt" count="0"/>
                <line num="33" type="stmt" count="0"/>
                <line num="35" type="stmt" count="0"/>
                <line num="44" type="method" name="has" visibility="public" complexity="1" crap="2" count="0"/>
                <line num="46" type="stmt" count="0"/>
                <line num="54" type="method" name="register" visibility="public" complexity="1" crap="2" count="0"/>
                <line num="56" type="stmt" count="0"/>
                <line num="57" type="stmt" count="0"/>
                <line num="62" type="method" name="all" visibility="public" complexity="1" crap="2" count="0"/>
                <line num="64" type="stmt" count="0"/>
                <metrics loc="66" ncloc="36" classes="1" methods="4" coveredmethods="0" conditionals="0" coveredconditionals="0" statements="7" coveredstatements="0" elements="11"
                         coveredelements="0"/>
            </file>
        </package>
        <package name="soIT\LaravelModules\Entity">
            <file name="/application/app/Libraries/LaravelModules/src/Entity/Module.php">
                <class name="soIT\LaravelModules\Entity\Module" namespace="soIT\LaravelModules\Entity">
                    <metrics complexity="13" methods="5" coveredmethods="5" conditionals="0" coveredconditionals="0" statements="14" coveredstatements="14" elements="19"
                             coveredelements="19"/>
                </class>
                <line num="47" type="method" name="getName" visibility="public" complexity="1" crap="1" count="1"/>
                <line num="49" type="stmt" count="1"/>
                <line num="55" type="method" name="getNamespace" visibility="public" complexity="1" crap="1" count="1"/>
                <line num="57" type="stmt" count="1"/>
                <line num="96" type="method" name="init" visibility="public" complexity="1" crap="1" count="1"/>
                <line num="98" type="stmt" count="1"/>
                <line num="99" type="stmt" count="1"/>
                <line num="101" type="stmt" count="1"/>
                <line num="102" type="stmt" count="1"/>
                <line num="123" type="method" name="setModuleName" visibility="private" complexity="2" crap="2" count="1"/>
                <line num="125" type="stmt" count="1"/>
                <line num="126" type="stmt" count="1"/>
                <line num="127" type="stmt" count="1"/>
                <line num="130" type="stmt" count="1"/>
                <line num="139" type="method" name="setNamespace" visibility="private" complexity="2" crap="2" count="1"/>
                <line num="141" type="stmt" count="1"/>
                <line num="142" type="stmt" count="1"/>
                <line num="144" type="stmt" count="1"/>
                <line num="146" type="stmt" count="1"/>
                <metrics loc="147" ncloc="82" classes="1" methods="5" coveredmethods="5" conditionals="0" coveredconditionals="0" statements="14" coveredstatements="14"
                         elements="19" coveredelements="19"/>
            </file>
        </package>
        <package name="soIT\LaravelModules\Exceptions">
            <file name="/application/app/Libraries/LaravelModules/src/Exceptions/ModuleNotRegisteredException.php">
                <class name="soIT\LaravelModules\Exceptions\ModuleNotRegisteredException" namespace="soIT\LaravelModules\Exceptions">
                    <metrics complexity="0" methods="0" coveredmethods="0" conditionals="0" coveredconditionals="0" statements="0" coveredstatements="0" elements="0"
                             coveredelements="0"/>
                </class>
                <metrics loc="9" ncloc="9" classes="0" methods="0" coveredmethods="0" conditionals="0" coveredconditionals="0" statements="0" coveredstatements="0" elements="0"
                         coveredelements="0"/>
            </file>
        </package>
        <package name="soIT\LaravelModules\Files">
            <file name="/application/app/Libraries/LaravelModules/src/Files/Filesystem.php">
                <class name="soIT\LaravelModules\Files\Filesystem" namespace="soIT\LaravelModules\Files">
                    <metrics complexity="13" methods="13" coveredmethods="13" conditionals="0" coveredconditionals="0" statements="21" coveredstatements="21" elements="34"
                             coveredelements="34"/>
                </class>
                <line num="36" type="method" name="__construct" visibility="public" complexity="1" crap="1" count="15"/>
                <line num="38" type="stmt" count="15"/>
                <line num="40" type="stmt" count="15"/>
                <line num="41" type="stmt" count="15"/>
                <line num="48" type="method" name="getConfigPath" visibility="public" complexity="1" crap="1" count="2"/>
                <line num="50" type="stmt" count="2"/>
                <line num="58" type="method" name="getLangPath" visibility="public" complexity="1" crap="1" count="3"/>
                <line num="60" type="stmt" count="3"/>
                <line num="67" type="method" name="getMigrationsPath" visibility="public" complexity="1" crap="1" count="3"/>
                <line num="69" type="stmt" count="3"/>
                <line num="70" type="stmt" count="3"/>
                <line num="71" type="stmt" count="3"/>
                <line num="79" type="method" name="getSeedersPath" visibility="public" complexity="1" crap="1" count="2"/>
                <line num="81" type="stmt" count="2"/>
                <line num="82" type="stmt" count="2"/>
                <line num="83" type="stmt" count="2"/>
                <line num="92" type="method" name="getAssetsPath" visibility="public" complexity="1" crap="1" count="2"/>
                <line num="94" type="stmt" count="2"/>
                <line num="102" type="method" name="getViewsPath" visibility="public" complexity="1" crap="1" count="2"/>
                <line num="104" type="stmt" count="2"/>
                <line num="110" type="method" name="getDatabasePath" visibility="public" complexity="1" crap="1" count="5"/>
                <line num="112" type="stmt" count="5"/>
                <line num="118" type="method" name="getResourcesPath" visibility="public" complexity="1" crap="1" count="7"/>
                <line num="120" type="stmt" count="7"/>
                <line num="126" type="method" name="getBasePath" visibility="public" complexity="1" crap="1" count="1"/>
                <line num="128" type="stmt" count="1"/>
                <line num="136" type="method" name="setBasePath" visibility="public" complexity="1" crap="1" count="15"/>
                <line num="138" type="stmt" count="15"/>
                <line num="139" type="stmt" count="15"/>
                <line num="144" type="method" name="setDirectories" visibility="public" complexity="1" crap="1" count="15"/>
                <line num="146" type="stmt" count="15"/>
                <line num="147" type="stmt" count="15"/>
                <line num="154" type="method" name="path" visibility="private" complexity="1" crap="1" count="14"/>
                <line num="156" type="stmt" count="14"/>
                <metrics loc="158" ncloc="92" classes="1" methods="13" coveredmethods="13" conditionals="0" coveredconditionals="0" statements="21" coveredstatements="21"
                         elements="34" coveredelements="34"/>
            </file>
        </package>
        <package name="soIT\LaravelModules\Providers\Commands">
            <file name="/application/app/Libraries/LaravelModules/src/Providers/Commands/MigrationsCommandsServiceProvider.php">
                <class name="soIT\LaravelModules\Providers\Commands\MigrationsCommandsServiceProvider" namespace="soIT\LaravelModules\Providers\Commands">
                    <metrics complexity="3" methods="3" coveredmethods="0" conditionals="0" coveredconditionals="0" statements="10" coveredstatements="0" elements="13"
                             coveredelements="0"/>
                </class>
                <line num="30" type="method" name="register" visibility="public" complexity="1" crap="2" count="0"/>
                <line num="32" type="stmt" count="0"/>
                <line num="34" type="stmt" count="0"/>
                <line num="35" type="stmt" count="0"/>
                <line num="42" type="method" name="provides" visibility="public" complexity="1" crap="2" count="0"/>
                <line num="44" type="stmt" count="0"/>
                <line num="50" type="method" name="registerMakeMigrateCommand" visibility="private" complexity="1" crap="2" count="0"/>
                <line num="52" type="stmt" count="0"/>
                <line num="53" type="stmt" count="0"/>
                <line num="55" type="stmt" count="0"/>
                <line num="56" type="stmt" count="0"/>
                <line num="58" type="stmt" count="0"/>
                <line num="60" type="stmt" count="0"/>
                <metrics loc="61" ncloc="40" classes="1" methods="3" coveredmethods="0" conditionals="0" coveredconditionals="0" statements="10" coveredstatements="0" elements="13"
                         coveredelements="0"/>
            </file>
        </package>
        <package name="soIT\LaravelModules\Providers">
            <file name="/application/app/Libraries/LaravelModules/src/Providers/ModulesServiceProviders.php">
                <class name="soIT\LaravelModules\Providers\ModulesServiceProviders" namespace="soIT\LaravelModules\Providers">
                    <metrics complexity="5" methods="5" coveredmethods="0" conditionals="0" coveredconditionals="0" statements="16" coveredstatements="0" elements="21"
                             coveredelements="0"/>
                </class>
                <line num="22" type="method" name="boot" visibility="public" complexity="1" crap="2" count="0"/>
                <line num="24" type="stmt" count="0"/>
                <line num="25" type="stmt" count="0"/>
                <line num="26" type="stmt" count="0"/>
                <line num="27" type="stmt" count="0"/>
                <line num="28" type="stmt" count="0"/>
                <line num="33" type="method" name="loadModulesConfig" visibility="private" complexity="1" crap="2" count="0"/>
                <line num="35" type="stmt" count="0"/>
                <line num="36" type="stmt" count="0"/>
                <line num="41" type="method" name="registerProviders" visibility="private" complexity="1" crap="2" count="0"/>
                <line num="44" type="stmt" count="0"/>
                <line num="45" type="stmt" count="0"/>
                <line num="46" type="stmt" count="0"/>
                <line num="51" type="method" name="registerCommands" visibility="private" complexity="1" crap="2" count="0"/>
                <line num="53" type="stmt" count="0"/>
                <line num="54" type="stmt" count="0"/>
                <line num="59" type="method" name="createModuleRegistry" visibility="private" complexity="1" crap="2" count="0"/>
                <line num="61" type="stmt" count="0"/>
                <line num="63" type="stmt" count="0"/>
                <line num="64" type="stmt" count="0"/>
                <line num="65" type="stmt" count="0"/>
                <metrics loc="66" ncloc="44" classes="1" methods="5" coveredmethods="0" conditionals="0" coveredconditionals="0" statements="16" coveredstatements="0" elements="21"
                         coveredelements="0"/>
            </file>
            <file name="/application/app/Libraries/LaravelModules/src/Providers/RouteServiceProvider.php">
                <class name="soIT\LaravelModules\Providers\RouteServiceProvider" namespace="soIT\LaravelModules\Providers">
                    <metrics complexity="6" methods="4" coveredmethods="0" conditionals="0" coveredconditionals="0" statements="18" coveredstatements="0" elements="22"
                             coveredelements="0"/>
                </class>
                <line num="22" type="method" name="mapWebRoutes" visibility="protected" complexity="2" crap="6" count="0"/>
                <line num="24" type="stmt" count="0"/>
                <line num="26" type="stmt" count="0"/>
                <line num="27" type="stmt" count="0"/>
                <line num="28" type="stmt" count="0"/>
                <line num="29" type="stmt" count="0"/>
                <line num="31" type="stmt" count="0"/>
                <line num="39" type="method" name="map" visibility="public" complexity="1" crap="2" count="0"/>
                <line num="41" type="stmt" count="0"/>
                <line num="42" type="stmt" count="0"/>
                <line num="43" type="stmt" count="0"/>
                <line num="51" type="method" name="mapApiRoutes" visibility="protected" complexity="2" crap="6" count="0"/>
                <line num="53" type="stmt" count="0"/>
                <line num="55" type="stmt" count="0"/>
                <line num="56" type="stmt" count="0"/>
                <line num="57" type="stmt" count="0"/>
                <line num="58" type="stmt" count="0"/>
                <line num="59" type="stmt" count="0"/>
                <line num="61" type="stmt" count="0"/>
                <line num="68" type="method" name="getRoutesDir" visibility="protected" complexity="1" crap="2" count="0"/>
                <line num="70" type="stmt" count="0"/>
                <line num="71" type="stmt" count="0"/>
                <metrics loc="74" ncloc="47" classes="1" methods="4" coveredmethods="0" conditionals="0" coveredconditionals="0" statements="18" coveredstatements="0" elements="22"
                         coveredelements="0"/>
            </file>
            <file name="/application/app/Libraries/LaravelModules/src/Providers/ServiceProvider.php">
                <class name="soIT\LaravelModules\Providers\ServiceProvider" namespace="soIT\LaravelModules\Providers">
                    <metrics complexity="14" methods="10" coveredmethods="0" conditionals="0" coveredconditionals="0" statements="38" coveredstatements="0" elements="48"
                             coveredelements="0"/>
                </class>
                <line num="42" type="method" name="__construct" visibility="public" complexity="1" crap="2" count="0"/>
                <line num="43" type="stmt" count="0"/>
                <line num="45" type="stmt" count="0"/>
                <line num="46" type="stmt" count="0"/>
                <line num="47" type="stmt" count="0"/>
                <line num="52" type="method" name="boot" visibility="public" complexity="1" crap="2" count="0"/>
                <line num="54" type="stmt" count="0"/>
                <line num="56" type="stmt" count="0"/>
                <line num="57" type="stmt" count="0"/>
                <line num="58" type="stmt" count="0"/>
                <line num="59" type="stmt" count="0"/>
                <line num="60" type="stmt" count="0"/>
                <line num="67" type="method" name="getFileSystem" visibility="public" complexity="1" crap="2" count="0"/>
                <line num="69" type="stmt" count="0"/>
                <line num="75" type="method" name="registerResources" visibility="protected" complexity="1" crap="2" count="0"/>
                <line num="77" type="stmt" count="0"/>
                <line num="78" type="stmt" count="0"/>
                <line num="79" type="stmt" count="0"/>
                <line num="84" type="method" name="registerTranslations" visibility="protected" complexity="1" crap="2" count="0"/>
                <line num="86" type="stmt" count="0"/>
                <line num="87" type="stmt" count="0"/>
                <line num="92" type="method" name="registerViews" visibility="protected" complexity="1" crap="2" count="0"/>
                <line num="94" type="stmt" count="0"/>
                <line num="95" type="stmt" count="0"/>
                <line num="100" type="method" name="registerMigrations" visibility="private" complexity="1" crap="2" count="0"/>
                <line num="102" type="stmt" count="0"/>
                <line num="103" type="stmt" count="0"/>
                <line num="109" type="method" name="registerModuleInRepository" visibility="private" complexity="1" crap="2" count="0"/>
                <line num="111" type="stmt" count="0"/>
                <line num="113" type="stmt" count="0"/>
                <line num="114" type="stmt" count="0"/>
                <line num="119" type="method" name="publishConfigs" visibility="private" complexity="3" crap="12" count="0"/>
                <line num="121" type="stmt" count="0"/>
                <line num="123" type="stmt" count="0"/>
                <line num="124" type="stmt" count="0"/>
                <line num="126" type="stmt" count="0"/>
                <line num="128" type="stmt" count="0"/>
                <line num="129" type="stmt" count="0"/>
                <line num="131" type="stmt" count="0"/>
                <line num="132" type="stmt" count="0"/>
                <line num="135" type="stmt" count="0"/>
                <line num="138" type="stmt" count="0"/>
                <line num="139" type="stmt" count="0"/>
                <line num="144" type="method" name="mergeMainConfig" visibility="private" complexity="2" crap="6" count="0"/>
                <line num="146" type="stmt" count="0"/>
                <line num="148" type="stmt" count="0"/>
                <line num="149" type="stmt" count="0"/>
                <line num="151" type="stmt" count="0"/>
                <metrics loc="152" ncloc="103" classes="1" methods="10" coveredmethods="0" conditionals="0" coveredconditionals="0" statements="38" coveredstatements="0"
                         elements="48" coveredelements="0"/>
            </file>
        </package>
        <metrics files="12" loc="932" ncloc="568" classes="11" methods="52" coveredmethods="18" conditionals="0" coveredconditionals="0" statements="147" coveredstatements="35"
                 elements="199" coveredelements="53"/>
    </project>
</coverage>
